<?xml version="1.0" encoding="UTF-8"?>
<!-- Generated by org.testng.reporters.JUnitReportReporter -->
<testsuite skipped="0" hostname="LAPTOP-PV7MIDLB" name="FreshHRMProjectTestCasesNew.HrmFreshprojHomeTestNew" tests="1" failures="0" timestamp="2021-08-11T01:52:58 IST" time="27.338" errors="0">
  <testcase name="AdminTab" time="27.338" classname="FreshHRMProjectTestCasesNew.HrmFreshprojHomeTestNew"/>
  <system-out/>
</testsuite> <!-- FreshHRMProjectTestCasesNew.HrmFreshprojHomeTestNew -->
