<?xml version="1.0" encoding="UTF-8"?>
<!-- Generated by org.testng.reporters.JUnitReportReporter -->
<testsuite skipped="0" hostname="LAPTOP-PV7MIDLB" name="FreshHRMProjectTestCasesNew.HrmFreshprojLoginTestNew" tests="1" failures="0" timestamp="2021-08-11T01:52:58 IST" time="22.771" errors="0">
  <testcase name="Login" time="22.771" classname="FreshHRMProjectTestCasesNew.HrmFreshprojLoginTestNew"/>
  <system-out/>
</testsuite> <!-- FreshHRMProjectTestCasesNew.HrmFreshprojLoginTestNew -->
